<?xml version="1.0" encoding="UTF-8"?>
<!-- Generated by org.testng.reporters.JUnitReportReporter -->
<testsuite skipped="0" hostname="LAPTOP-A5GJABUP" name="com.org.testapi.TestApiGetUsingQueryParams" tests="5" failures="0" timestamp="19 Apr 2021 20:48:53 GMT" time="3.521" errors="0">
  <testcase name="changeprivacyBin" time="0.659" classname="com.org.testapi.TestApiGetUsingQueryParams"/>
  <testcase name="deletejasonBin" time="0.704" classname="com.org.testapi.TestApiGetUsingQueryParams"/>
  <testcase name="AupdatejasonBin" time="0.851" classname="com.org.testapi.TestApiGetUsingQueryParams"/>
  <testcase name="readjasonBin" time="0.638" classname="com.org.testapi.TestApiGetUsingQueryParams"/>
  <testcase name="delversionsBin" time="0.669" classname="com.org.testapi.TestApiGetUsingQueryParams"/>
</testsuite> <!-- com.org.testapi.TestApiGetUsingQueryParams -->
